<?xml version="1.0" encoding="UTF-8"?>
<!-- Generated by org.testng.reporters.JUnitReportReporter -->
<testsuite skipped="0" hostname="Owner-PC" name="com.IntBanking.TestCases.TC_FTAccountNotExistTest_13" tests="1" failures="0" timestamp="2021-07-04T12:18:20 IST" time="20.934" errors="0">
  <testcase name="FTAccNotExistTest" time="20.934" classname="com.IntBanking.TestCases.TC_FTAccountNotExistTest_13"/>
  <system-out/>
</testsuite> <!-- com.IntBanking.TestCases.TC_FTAccountNotExistTest_13 -->
