<?xml version="1.0" encoding="UTF-8"?>
<!-- Generated by org.testng.reporters.JUnitReportReporter -->
<testsuite skipped="0" hostname="Owner-PC" name="com.IntBanking.TestCases.TC_NewCustomerDDT_01" tests="2" failures="0" timestamp="2021-05-23T14:46:52 IST" time="251.735" errors="0">
  <testcase name="newCustomerDDT" time="157.571" classname="com.IntBanking.TestCases.TC_NewCustomerDDT_01"/>
  <system-out/>
  <testcase name="newCustomerDDT" time="94.164" classname="com.IntBanking.TestCases.TC_NewCustomerDDT_01"/>
  <system-out/>
</testsuite> <!-- com.IntBanking.TestCases.TC_NewCustomerDDT_01 -->
