<?xml version="1.0" encoding="UTF-8"?>
<!-- Generated by org.testng.reporters.JUnitReportReporter -->
<testsuite skipped="0" hostname="Owner-PC" name="com.IntBanking.TestCases.TC_EditCustomerDDT_03" tests="2" failures="0" timestamp="2021-05-24T11:27:11 IST" time="41.639" errors="0">
  <testcase name="editCustomerDDT" time="21.818" classname="com.IntBanking.TestCases.TC_EditCustomerDDT_03"/>
  <system-out/>
  <testcase name="editCustomerDDT" time="19.821" classname="com.IntBanking.TestCases.TC_EditCustomerDDT_03"/>
  <system-out/>
</testsuite> <!-- com.IntBanking.TestCases.TC_EditCustomerDDT_03 -->
