<?xml version="1.0" encoding="UTF-8"?>
<!-- Generated by org.testng.reporters.JUnitReportReporter -->
<testsuite skipped="0" hostname="Owner-PC" name="com.IntBanking.TestCases.TestLogger" tests="1" failures="0" timestamp="2021-04-30T12:23:39 IST" time="0.062" errors="0">
  <testcase name="testLogger" time="0.062" classname="com.IntBanking.TestCases.TestLogger"/>
  <system-out/>
</testsuite> <!-- com.IntBanking.TestCases.TestLogger -->
