<?xml version="1.0" encoding="UTF-8"?>
<!-- Generated by org.testng.reporters.JUnitReportReporter -->
<testsuite skipped="0" hostname="Owner-PC" name="com.IntBanking.TestCases.TC_DeleteCustomerTest_04" tests="1" failures="0" timestamp="2021-05-20T10:50:21 IST" time="13.132" errors="0">
  <testcase name="deleteCustomerTest" time="13.132" classname="com.IntBanking.TestCases.TC_DeleteCustomerTest_04"/>
  <system-out/>
</testsuite> <!-- com.IntBanking.TestCases.TC_DeleteCustomerTest_04 -->
