<?xml version="1.0" encoding="UTF-8"?>
<!-- Generated by org.testng.reporters.JUnitReportReporter -->
<testsuite skipped="0" hostname="Owner-PC" name="com.IntBanking.TestCases.TC_LoginTest_01" tests="1" failures="0" timestamp="2021-07-08T10:36:18 IST" time="7.600" errors="0">
  <testcase name="loginTest" time="7.600" classname="com.IntBanking.TestCases.TC_LoginTest_01"/>
  <system-out/>
</testsuite> <!-- com.IntBanking.TestCases.TC_LoginTest_01 -->
