<?xml version="1.0" encoding="UTF-8"?>
<!-- Generated by org.testng.reporters.JUnitReportReporter -->
<testsuite skipped="0" hostname="Owner-PC" name="com.IntBanking.TestCases.TC_LoginDDT_02_New" tests="3" failures="0" timestamp="2021-05-26T11:04:16 IST" time="20.430" errors="0">
  <testcase name="loginDDT2" time="8.765" classname="com.IntBanking.TestCases.TC_LoginDDT_02_New"/>
  <system-out/>
  <testcase name="loginDDT2" time="8.498" classname="com.IntBanking.TestCases.TC_LoginDDT_02_New"/>
  <system-out/>
  <testcase name="loginDDT2" time="3.167" classname="com.IntBanking.TestCases.TC_LoginDDT_02_New"/>
  <system-out/>
</testsuite> <!-- com.IntBanking.TestCases.TC_LoginDDT_02_New -->
