<?xml version="1.0" encoding="UTF-8"?>
<!-- Generated by org.testng.reporters.JUnitReportReporter -->
<testsuite skipped="0" hostname="Owner-PC" name="com.IntBanking.TestCases.TC_NewCustomerTest_01" tests="1" failures="0" timestamp="2021-05-20T10:50:21 IST" time="19.011" errors="0">
  <testcase name="newCustomerTest" time="19.011" classname="com.IntBanking.TestCases.TC_NewCustomerTest_01"/>
  <system-out/>
</testsuite> <!-- com.IntBanking.TestCases.TC_NewCustomerTest_01 -->
