<?xml version="1.0" encoding="UTF-8"?>
<!-- Generated by org.testng.reporters.JUnitReportReporter -->
<testsuite skipped="0" hostname="Owner-PC" name="com.IntBanking.TestCases.TC_LoginTest_01" tests="1" failures="0" timestamp="2021-07-12T10:35:14 IST" time="248.570" errors="0">
  <testcase name="loginTest" time="248.570" classname="com.IntBanking.TestCases.TC_LoginTest_01"/>
  <system-out/>
</testsuite> <!-- com.IntBanking.TestCases.TC_LoginTest_01 -->
